GET /api/coins/markets/query?ids=solana,bitcoin,monero 200 4.754 ms
GET /api/coins/markets 200 2.405 ms
GET /api/coins/markets 200 3.006 ms
POST /api/auth/signup 500 1.215 ms
GET /api/coins/markets 304 6.016 ms
POST /api/auth/signup 201 13.392 ms
GET /api/coins/markets 200 5.355 ms
POST /api/auth/signup 201 11.978 ms
POST /api/auth/login 401 0.723 ms
POST /api/auth/login 200 7.691 ms
GET /api/coins/markets 200 3.434 ms
GET /api/coins/markets 304 4.810 ms
POST /api/watchlists 401 3.336 ms
POST /api/watchlists 201 17.618 ms
GET /api/coins/markets 200 3.971 ms
GET /index.html 304 4.069 ms
GET /css/style.css 304 1.136 ms
GET /js/script.js 304 0.484 ms
GET /api/coins/markets 200 5.644 ms
GET /index.html 304 0.665 ms
GET /css/style.css 304 1.305 ms
GET /js/script.js 304 1.558 ms
GET /api/coins/markets 200 2.573 ms
GET /signup.html 200 1.503 ms
GET /css/style.css 304 0.671 ms
GET /css/login.css 304 0.802 ms
GET /js/signup.js 304 0.651 ms
GET /signup.html 304 0.532 ms
GET /css/style.css 304 0.628 ms
GET /css/login.css 304 0.717 ms
GET /js/signup.js 200 0.556 ms
POST /api/auth/signup 201 10.691 ms
GET /client.html 304 0.225 ms
GET /css/style.css 304 0.901 ms
GET /js/client.js 304 0.935 ms
GET /js/script.js 304 0.260 ms
GET /api/coins/markets 304 2.343 ms
GET /index.html 304 0.361 ms
GET /css/style.css 304 0.520 ms
GET /js/script.js 304 0.523 ms
GET /api/coins/markets 200 2.195 ms
GET /signup.html 304 0.257 ms
GET /css/style.css 304 0.343 ms
GET /css/login.css 304 0.355 ms
GET /js/signup.js 200 0.859 ms
POST /api/auth/signup 201 3.463 ms
GET /client.html 304 0.228 ms
GET /css/style.css 304 0.433 ms
GET /js/client.js 304 0.274 ms
GET /js/script.js 304 0.254 ms
GET /api/coins/markets 304 2.495 ms
GET /index.html 304 0.287 ms
GET /css/style.css 304 0.712 ms
GET /js/script.js 304 0.665 ms
GET /api/coins/markets 304 2.662 ms
GET /signup.html 304 0.285 ms
GET /css/style.css 304 1.395 ms
GET /css/login.css 304 1.165 ms
GET /js/signup.js 200 0.810 ms
POST /api/auth/signup 201 2.731 ms
GET /client.html 304 0.418 ms
GET /css/style.css 304 1.001 ms
GET /js/client.js 304 1.488 ms
GET /js/script.js 304 0.274 ms
GET /api/coins/markets 304 1.674 ms
POST /api/watchlists 201 8.471 ms
GET /index.html 304 0.299 ms
GET /css/style.css 304 0.897 ms
GET /js/script.js 304 0.622 ms
GET /api/coins/markets 304 1.576 ms
GET /api/coins/markets 200 2.530 ms
GET /index.html 304 0.284 ms
GET /css/style.css 304 0.432 ms
GET /js/script.js 304 0.602 ms
GET /api/coins/markets 304 1.637 ms
GET /signup.html 304 0.247 ms
GET /css/style.css 304 0.996 ms
GET /css/login.css 304 0.562 ms
GET /js/signup.js 304 0.416 ms
POST /api/auth/signup 201 2.071 ms
GET /client.html 304 0.290 ms
GET /css/style.css 304 0.586 ms
GET /js/client.js 200 0.802 ms
GET /js/script.js 304 0.260 ms
GET /api/coins/markets 304 2.171 ms
GET /index.html 304 0.266 ms
GET /css/style.css 304 0.272 ms
GET /js/script.js 304 0.342 ms
GET /api/coins/markets 304 1.929 ms
GET /signup.html 304 0.261 ms
GET /css/style.css 304 0.595 ms
GET /css/login.css 304 0.560 ms
GET /js/signup.js 200 0.587 ms
POST /api/auth/signup 201 1.755 ms
GET /client.html 304 0.223 ms
GET /css/style.css 304 0.464 ms
GET /js/client.js 304 0.620 ms
GET /js/script.js 304 0.249 ms
GET /api/coins/markets 304 2.475 ms
GET /api/coins/markets 304 2.164 ms
GET /index.html 304 0.230 ms
GET /css/style.css 304 0.342 ms
GET /js/script.js 304 0.268 ms
GET /api/coins/markets 304 2.302 ms
GET /signup.html 200 0.487 ms
GET /css/style.css 304 0.527 ms
GET /css/login.css 304 0.911 ms
GET /js/signup.js 200 0.913 ms
POST /api/auth/signup 201 2.031 ms
GET /client.html 304 0.261 ms
GET /css/style.css 304 0.623 ms
GET /js/client.js 304 0.623 ms
GET /js/script.js 304 0.278 ms
GET /api/coins/markets 304 1.573 ms
GET /css/style.css 304 0.278 ms
GET /api/coins/markets 200 2.206 ms
GET /signup.html 304 0.453 ms
GET /css/style.css 304 0.283 ms
GET /css/login.css 304 0.328 ms
GET /js/signup.js 200 1.167 ms
POST /api/auth/signup 201 2.715 ms
GET /client.html 304 0.260 ms
GET /css/style.css 304 0.301 ms
GET /js/client.js 304 0.176 ms
GET /js/script.js 304 0.257 ms
GET /api/coins/markets 304 1.755 ms
GET /index.html 304 0.269 ms
GET /css/style.css 304 0.705 ms
GET /js/script.js 304 0.914 ms
GET /api/coins/markets 304 1.953 ms
GET /signup.html 304 0.539 ms
GET /css/style.css 304 0.463 ms
GET /css/login.css 304 0.456 ms
GET /js/signup.js 200 0.620 ms
POST /api/auth/signup 201 2.612 ms
POST /api/auth/signup 201 12.873 ms
GET /index.html 304 1.949 ms
GET /css/style.css 304 1.124 ms
GET /js/script.js 304 0.690 ms
GET /api/coins/markets 200 3.602 ms
GET /signup.html 304 0.327 ms
GET /css/style.css 304 1.329 ms
GET /css/login.css 304 1.313 ms
GET /js/signup.js 200 1.430 ms
POST /api/auth/signup 201 3.247 ms
GET /client.html 304 0.484 ms
GET /css/style.css 304 0.566 ms
GET /js/client.js 304 0.258 ms
GET /js/script.js 304 0.302 ms
GET /api/coins/markets 304 1.701 ms
POST /api/watchlists 201 8.002 ms
GET /api/coins/markets 200 2.910 ms
GET /api/coins/markets 304 2.588 ms
GET /client.html 304 2.984 ms
GET /css/style.css 304 1.066 ms
GET /js/client.js 304 0.880 ms
GET /js/script.js 304 0.364 ms
GET /api/coins/markets 200 5.595 ms
GET /client.html 200 1.559 ms
GET /css/style.css 304 0.972 ms
GET /js/client.js 200 1.579 ms
GET /js/script.js 304 0.704 ms
GET /api/coins/markets 304 2.713 ms
GET /client.html 304 0.475 ms
GET /css/style.css 304 0.526 ms
GET /js/client.js 304 0.968 ms
GET /js/script.js 304 0.284 ms
GET /api/coins/markets 304 2.263 ms
POST /api/watchlists 403 3.542 ms
GET /index.html 304 0.321 ms
GET /css/style.css 304 0.741 ms
GET /js/script.js 304 1.095 ms
GET /api/coins/markets 304 2.155 ms
GET /signup.html 304 0.268 ms
GET /css/style.css 304 0.383 ms
GET /css/login.css 304 0.550 ms
GET /js/signup.js 304 0.355 ms
POST /api/auth/signup 201 12.147 ms
GET /client.html 304 0.248 ms
GET /css/style.css 304 0.765 ms
GET /js/client.js 304 0.518 ms
GET /js/script.js 304 0.226 ms
GET /api/coins/markets 304 1.886 ms
POST /api/watchlists 201 7.885 ms
POST /api/watchlists 201 3.018 ms
GET /api/coins/markets 200 2.903 ms
GET /client.html 200 1.159 ms
GET /css/style.css 304 0.490 ms
GET /js/client.js 200 0.779 ms
GET /js/script.js 304 0.270 ms
GET /api/coins/markets 304 2.212 ms
POST /api/watchlists 201 3.930 ms
POST /api/watchlists 201 3.352 ms
GET /api/coins/markets 200 2.958 ms
GET /api/coins/markets 304 2.980 ms
GET /api/coins/markets 200 6.441 ms
GET /api/watchlists 200 12.796 ms
GET /api/coins/markets 304 2.316 ms
GET /api/coins/markets 304 17.377 ms
GET /api/coins/markets 200 2.402 ms
GET /api/coins/markets 304 2.828 ms
GET /api/coins/markets 200 1.807 ms
GET /api/coins/markets 304 2.442 ms
GET /api/coins/markets 304 3.081 ms
GET /api/coins/markets 200 2.705 ms
GET /index.html 304 1.154 ms
GET /css/style.css 304 0.968 ms
GET /js/script.js 304 2.026 ms
GET /api/coins/markets 304 1.951 ms
GET /login.html 200 1.608 ms
GET /css/style.css 304 0.286 ms
GET /css/login.css 304 0.611 ms
GET /js/login.js 304 0.726 ms
GET /index.html 304 3.739 ms
GET /css/style.css 304 1.196 ms
GET /js/script.js 304 1.848 ms
GET /api/coins/markets 200 6.049 ms
GET /login.html 304 0.844 ms
GET /css/style.css 304 0.862 ms
GET /css/login.css 304 1.341 ms
GET /js/login.js 200 1.505 ms
GET /index.html 304 0.733 ms
GET /css/style.css 304 1.149 ms
GET /js/script.js 304 1.517 ms
GET /api/coins/markets 304 2.699 ms
GET /login.html 304 0.340 ms
GET /css/style.css 304 0.679 ms
GET /css/login.css 304 0.967 ms
GET /js/login.js 200 0.522 ms
POST /api/auth/login 200 6.215 ms
GET /client.html 200 0.607 ms
GET /css/style.css 304 0.512 ms
GET /js/client.js 200 1.130 ms
GET /js/script.js 304 0.299 ms
GET /api/coins/markets 304 2.647 ms
GET /index.html 304 0.287 ms
GET /css/style.css 304 0.564 ms
GET /js/script.js 304 1.052 ms
GET /api/coins/markets 304 2.237 ms
GET /login.html 304 0.260 ms
GET /css/style.css 304 0.611 ms
GET /css/login.css 304 0.553 ms
GET /js/login.js 304 0.229 ms
POST /api/auth/login 200 2.143 ms
GET /client.html 304 0.263 ms
GET /css/style.css 304 0.511 ms
GET /js/client.js 200 0.896 ms
GET /js/script.js 304 0.216 ms
GET /api/coins/markets 304 7.982 ms
GET /api/watchlists 200 11.332 ms
POST /api/watchlists 201 10.731 ms
GET /client.html 304 0.443 ms
GET /css/style.css 304 0.592 ms
GET /js/client.js 304 0.650 ms
GET /js/script.js 304 0.334 ms
GET /api/watchlists 200 4.277 ms
GET /api/coins/markets 304 4.725 ms
GET /index.html 304 0.287 ms
GET /css/style.css 304 0.517 ms
GET /js/script.js 304 0.535 ms
GET /api/coins/markets 304 1.722 ms
GET /login.html 304 0.282 ms
GET /css/style.css 304 0.687 ms
GET /css/login.css 304 0.332 ms
GET /js/login.js 304 0.297 ms
POST /api/auth/login 200 1.858 ms
GET /client.html 304 0.222 ms
GET /css/style.css 304 0.540 ms
GET /js/client.js 304 0.802 ms
GET /js/script.js 304 0.237 ms
GET /api/coins/markets 304 5.255 ms
GET /api/watchlists 304 6.073 ms
GET /index.html 304 2.779 ms
GET /css/style.css 304 1.878 ms
GET /js/script.js 304 1.110 ms
GET /api/coins/markets 200 4.949 ms
GET /login.html 304 0.333 ms
GET /css/style.css 304 0.791 ms
GET /css/login.css 304 1.170 ms
GET /js/login.js 304 0.412 ms
POST /api/auth/login 200 6.388 ms
GET /client.html 304 0.651 ms
GET /css/style.css 304 0.863 ms
GET /js/client.js 200 1.814 ms
GET /js/script.js 304 0.441 ms
GET /api/coins/markets 304 5.733 ms
GET /api/watchlists 304 10.699 ms
GET /api/watchlists 304 3.727 ms
POST /api/watchlists 201 10.209 ms
GET /client.html 304 0.431 ms
GET /css/style.css 304 0.815 ms
GET /js/client.js 304 0.727 ms
GET /js/script.js 304 0.301 ms
GET /api/coins/markets 304 5.079 ms
GET /api/watchlists 200 6.954 ms
GET /api/watchlists 304 4.514 ms
GET /index.html 304 3.102 ms
GET /css/style.css 304 1.380 ms
GET /js/script.js 304 0.666 ms
GET /api/coins/markets 200 5.216 ms
GET /login.html 304 0.316 ms
GET /css/style.css 304 1.421 ms
GET /css/login.css 304 0.938 ms
GET /js/login.js 304 0.406 ms
POST /api/auth/login 200 6.287 ms
GET /client.html 304 0.542 ms
GET /css/style.css 304 1.222 ms
GET /js/client.js 200 2.252 ms
GET /js/script.js 304 0.331 ms
GET /api/coins/markets 304 5.823 ms
GET /api/watchlists 304 11.540 ms
GET /client.html 200 0.722 ms
GET /css/style.css 304 0.581 ms
GET /js/client.js 304 0.647 ms
GET /js/script.js 304 0.284 ms
GET /api/coins/markets 304 5.045 ms
GET /api/watchlists 304 7.211 ms
GET /index.html 304 0.442 ms
GET /css/style.css 304 0.979 ms
GET /js/script.js 304 1.225 ms
GET /api/coins/markets 304 2.766 ms
GET /login.html 304 0.246 ms
GET /css/style.css 304 0.521 ms
GET /css/login.css 304 0.726 ms
GET /js/login.js 304 0.273 ms
POST /api/auth/login 200 2.412 ms
GET /client.html 304 0.293 ms
GET /css/style.css 304 0.793 ms
GET /js/client.js 304 1.025 ms
GET /js/script.js 304 0.292 ms
GET /api/coins/markets 304 3.257 ms
GET /api/watchlists 304 6.394 ms
GET /client.html 200 0.700 ms
GET /js/client.js 304 0.894 ms
GET /css/style.css 304 0.581 ms
GET /js/script.js 304 0.265 ms
GET /api/coins/markets 304 4.184 ms
GET /api/watchlists 304 6.595 ms
GET /client.html 304 0.346 ms
GET /js/client.js 304 0.379 ms
GET /css/style.css 200 1.068 ms
GET /js/script.js 304 0.269 ms
GET /api/coins/markets 304 3.034 ms
GET /api/watchlists 304 6.545 ms
GET /client.html 304 0.294 ms
GET /js/client.js 304 0.393 ms
GET /css/style.css 200 1.088 ms
GET /js/script.js 304 0.251 ms
GET /api/coins/markets 304 3.044 ms
GET /api/watchlists 304 6.250 ms
GET /client.html 304 0.708 ms
GET /css/style.css 200 0.818 ms
GET /js/client.js 304 0.476 ms
GET /js/script.js 304 0.384 ms
GET /api/coins/markets 304 3.689 ms
GET /api/watchlists 304 5.490 ms
GET /client.html 304 0.291 ms
GET /js/client.js 304 0.519 ms
GET /css/style.css 200 1.193 ms
GET /js/script.js 304 0.266 ms
GET /api/coins/markets 304 4.332 ms
GET /api/watchlists 304 6.328 ms
GET /client.html 304 0.281 ms
GET /css/style.css 200 1.190 ms
GET /js/client.js 304 0.461 ms
GET /js/script.js 304 0.292 ms
GET /api/coins/markets 304 2.983 ms
GET /api/watchlists 304 6.305 ms
GET /client.html 304 0.341 ms
GET /js/client.js 304 0.496 ms
GET /css/style.css 200 1.280 ms
GET /js/script.js 304 0.299 ms
GET /api/coins/markets 200 2.750 ms
GET /api/watchlists 304 6.378 ms
GET /client.html 304 0.361 ms
GET /js/client.js 304 0.454 ms
GET /css/style.css 200 1.623 ms
GET /js/script.js 304 0.228 ms
GET /api/coins/markets 304 3.873 ms
GET /api/watchlists 304 8.226 ms
GET /client.html 200 0.728 ms
GET /js/client.js 304 0.344 ms
GET /css/style.css 200 1.023 ms
GET /js/script.js 304 0.321 ms
GET /api/coins/markets 304 2.801 ms
GET /api/watchlists 304 5.863 ms
GET /client.html 304 0.382 ms
GET /js/client.js 304 0.359 ms
GET /css/style.css 200 0.952 ms
GET /js/script.js 304 0.247 ms
GET /api/coins/markets 304 4.464 ms
GET /api/watchlists 304 5.937 ms
GET /client.html 304 0.332 ms
GET /js/client.js 304 0.379 ms
GET /css/style.css 200 1.075 ms
GET /js/script.js 304 0.261 ms
GET /api/coins/markets 304 3.410 ms
GET /api/watchlists 304 4.688 ms
GET /index.html 304 0.237 ms
GET /css/style.css 304 0.723 ms
GET /js/script.js 304 1.173 ms
GET /api/coins/markets 304 1.749 ms
GET /login.html 304 0.300 ms
GET /css/style.css 304 0.933 ms
GET /css/login.css 304 0.691 ms
GET /js/login.js 304 0.243 ms
POST /api/auth/login 200 1.989 ms
GET /client.html 304 0.210 ms
GET /css/style.css 304 0.436 ms
GET /js/client.js 304 0.413 ms
GET /js/script.js 304 0.264 ms
GET /api/coins/markets 304 2.742 ms
GET /api/watchlists 200 4.824 ms
POST /api/watchlists 201 10.020 ms
GET /client.html 304 0.281 ms
GET /css/style.css 304 0.266 ms
GET /js/client.js 304 0.293 ms
GET /js/script.js 304 0.338 ms
GET /api/coins/markets 304 3.391 ms
GET /api/watchlists 200 5.947 ms
GET /client.html 200 0.606 ms
GET /css/style.css 304 0.533 ms
GET /js/client.js 304 0.832 ms
GET /js/script.js 304 0.286 ms
GET /api/coins/markets 304 2.550 ms
GET /api/watchlists 304 5.203 ms
GET /client.html 304 0.601 ms
GET /css/style.css 304 0.887 ms
GET /js/client.js 304 0.757 ms
GET /js/script.js 304 0.266 ms
GET /api/coins/markets 200 3.072 ms
GET /api/watchlists 304 5.114 ms
GET /index.html 200 0.598 ms
GET /css/style.css 304 0.765 ms
GET /js/script.js 304 0.999 ms
GET /api/coins/markets 304 1.952 ms
GET /login.html 304 0.268 ms
GET /css/style.css 304 0.260 ms
GET /css/login.css 304 0.272 ms
GET /js/login.js 304 0.265 ms
POST /api/auth/login 200 1.686 ms
GET /client.html 304 0.218 ms
GET /css/style.css 304 0.535 ms
GET /js/client.js 304 0.436 ms
GET /js/script.js 304 0.217 ms
GET /api/coins/markets 304 2.222 ms
GET /api/watchlists 304 4.869 ms
GET /css/style.css 304 0.288 ms
GET /login.html 304 0.247 ms
GET /css/style.css 304 0.662 ms
GET /css/login.css 304 1.024 ms
GET /js/login.js 304 0.368 ms
GET /css/style.css 304 0.483 ms
GET /css/login.css 304 0.493 ms
GET /login.html 304 0.248 ms
GET /css/style.css 304 0.608 ms
GET /css/login.css 304 0.700 ms
GET /js/login.js 304 0.290 ms
POST /api/auth/login 200 1.605 ms
GET /client.html 304 0.231 ms
GET /css/style.css 304 0.585 ms
GET /js/client.js 304 0.527 ms
GET /js/script.js 304 0.227 ms
GET /api/coins/markets 304 3.867 ms
GET /api/watchlists 304 6.686 ms
GET /css/style.css 304 0.216 ms
GET /client.html 304 0.279 ms
GET /css/style.css 304 0.321 ms
GET /js/client.js 200 0.982 ms
GET /js/script.js 304 0.354 ms
GET /api/coins/markets 304 2.657 ms
GET /api/watchlists 304 4.929 ms
GET /index.html 304 0.712 ms
GET /css/style.css 304 0.568 ms
GET /js/script.js 304 0.549 ms
GET /api/coins/markets 304 2.410 ms
GET /login.html 304 0.236 ms
GET /css/style.css 304 0.444 ms
GET /css/login.css 304 0.968 ms
GET /js/login.js 304 0.231 ms
POST /api/auth/login 200 1.707 ms
GET /client.html 304 0.252 ms
GET /css/style.css 304 0.617 ms
GET /js/client.js 304 0.483 ms
GET /js/script.js 304 0.322 ms
GET /api/coins/markets 304 2.568 ms
GET /api/watchlists 304 5.414 ms
